current directory: /home/ec2-user/environment/pf-app/.bundle/ruby/2.6.0/gems/mysql2-0.5.3/ext/mysql2
/home/ec2-user/.rvm/rubies/ruby-2.6.3/bin/ruby -I /home/ec2-user/.rvm/rubies/ruby-2.6.3/lib/ruby/site_ruby/2.6.0 -r ./siteconf20211211-9236-x2yg4x.rb extconf.rb --with-ldflags\=-L/usr/local/opt/openssl/lib\ --with-cppflags\=-I/usr/local/opt/openssl/include
checking for rb_absint_size()... *** extconf.rb failed ***
Could not create Makefile due to some reason, probably lack of necessary
libraries and/or headers.  Check the mkmf.log file for more details.  You may
need configuration options.

Provided configuration options:
	--with-opt-dir
	--without-opt-dir
	--with-opt-include
	--without-opt-include=${opt-dir}/include
	--with-opt-lib
	--without-opt-lib=${opt-dir}/lib
	--with-make-prog
	--without-make-prog
	--srcdir=.
	--curdir
	--ruby=/home/ec2-user/.rvm/rubies/ruby-2.6.3/bin/$(RUBY_BASE_NAME)
/home/ec2-user/.rvm/rubies/ruby-2.6.3/lib/ruby/2.6.0/mkmf.rb:467:in `try_do': The compiler failed to generate an executable file. (RuntimeError)
You have to install development tools first.
	from /home/ec2-user/.rvm/rubies/ruby-2.6.3/lib/ruby/2.6.0/mkmf.rb:552:in `try_link0'
	from /home/ec2-user/.rvm/rubies/ruby-2.6.3/lib/ruby/2.6.0/mkmf.rb:570:in `try_link'
	from /home/ec2-user/.rvm/rubies/ruby-2.6.3/lib/ruby/2.6.0/mkmf.rb:782:in `try_func'
	from /home/ec2-user/.rvm/rubies/ruby-2.6.3/lib/ruby/2.6.0/mkmf.rb:1069:in `block in have_func'
	from /home/ec2-user/.rvm/rubies/ruby-2.6.3/lib/ruby/2.6.0/mkmf.rb:959:in `block in checking_for'
	from /home/ec2-user/.rvm/rubies/ruby-2.6.3/lib/ruby/2.6.0/mkmf.rb:361:in `block (2 levels) in postpone'
	from /home/ec2-user/.rvm/rubies/ruby-2.6.3/lib/ruby/2.6.0/mkmf.rb:331:in `open'
	from /home/ec2-user/.rvm/rubies/ruby-2.6.3/lib/ruby/2.6.0/mkmf.rb:361:in `block in postpone'
	from /home/ec2-user/.rvm/rubies/ruby-2.6.3/lib/ruby/2.6.0/mkmf.rb:331:in `open'
	from /home/ec2-user/.rvm/rubies/ruby-2.6.3/lib/ruby/2.6.0/mkmf.rb:357:in `postpone'
	from /home/ec2-user/.rvm/rubies/ruby-2.6.3/lib/ruby/2.6.0/mkmf.rb:958:in `checking_for'
	from /home/ec2-user/.rvm/rubies/ruby-2.6.3/lib/ruby/2.6.0/mkmf.rb:1068:in `have_func'
	from extconf.rb:25:in `<main>'

To see why this extension failed to compile, please check the mkmf.log which can be found here:

  /home/ec2-user/environment/pf-app/.bundle/ruby/2.6.0/extensions/x86_64-linux/2.6.0/mysql2-0.5.3/mkmf.log

extconf failed, exit code 1
